<?xml version="1.0" encoding="UTF-8"?>
<testng-results ignored="0" total="1" passed="1" failed="0" skipped="0">
  <reporter-output>
  </reporter-output>
  <suite started-at="2023-08-07T17:37:09 IST" name="Default suite" finished-at="2023-08-07T17:37:21 IST" duration-ms="12294">
    <groups>
    </groups>
    <test started-at="2023-08-07T17:37:09 IST" name="Default test" finished-at="2023-08-07T17:37:21 IST" duration-ms="12294">
      <class name="Surumahubtest.CreateTest">
        <test-method is-config="true" signature="setup()[pri:0, instance:Surumahubtest.CreateTest@e15b7e8]" started-at="2023-08-07T17:37:09 IST" name="setup" finished-at="2023-08-07T17:37:14 IST" duration-ms="4675" status="PASS">
          <reporter-output>
          </reporter-output>
        </test-method> <!-- setup -->
        <test-method signature="register()[pri:0, instance:Surumahubtest.CreateTest@e15b7e8]" started-at="2023-08-07T17:37:14 IST" name="register" finished-at="2023-08-07T17:37:21 IST" duration-ms="7577" status="PASS">
          <reporter-output>
          </reporter-output>
        </test-method> <!-- register -->
      </class> <!-- Surumahubtest.CreateTest -->
    </test> <!-- Default test -->
  </suite> <!-- Default suite -->
</testng-results>
